<?xml version="1.0" encoding="UTF-8"?>
<testng-results skipped="0" failed="0" ignored="2" total="3" passed="1">
  <reporter-output>
  </reporter-output>
  <suite name="Suite1" duration-ms="9586" started-at="2021-04-25T22:38:40 IST" finished-at="2021-04-25T22:38:49 IST">
    <groups>
    </groups>
    <test name="Nopackage" duration-ms="9586" started-at="2021-04-25T22:38:40 IST" finished-at="2021-04-25T22:38:49 IST">
      <class name="First_package.First_class">
        <test-method status="PASS" signature="m3()[pri:3, instance:First_package.First_class@a67c67e]" name="m3" duration-ms="9548" started-at="2021-04-25T22:38:40 IST" finished-at="2021-04-25T22:38:49 IST">
          <reporter-output>
          </reporter-output>
        </test-method> <!-- m3 -->
      </class> <!-- First_package.First_class -->
    </test> <!-- Nopackage -->
  </suite> <!-- Suite1 -->
</testng-results>
