<?xml version="1.0" encoding="UTF-8"?>
<!-- Generated by org.testng.reporters.JUnitXMLReporter -->
<testsuite hostname="LAPTOP-T89JRIMG" ignored="2" name="Nopackage" tests="1" failures="0" timestamp="2021-04-25T22:38:49 IST" time="9.586" errors="0">
  <testcase name="m3" time="9.548" classname="First_package.First_class"/>
  <testcase name="m1" time="0.0" classname="First_package.First_class">
    <ignored/>
  </testcase> <!-- m1 -->
  <testcase name="m2" time="0.0" classname="First_package.First_class">
    <ignored/>
  </testcase> <!-- m2 -->
</testsuite> <!-- Nopackage -->
